<?xml version="1.0" encoding="UTF-8"?>
<coverage generated="1675492965677" clover="3.2.0">
  <project timestamp="1675492965678" name="All files">
    <metrics statements="15" coveredstatements="13" conditionals="0" coveredconditionals="0" methods="4" coveredmethods="3" elements="19" coveredelements="16" complexity="0" loc="15" ncloc="15" packages="1" files="1" classes="1"/>
    <file name="addDeleteTask.js" path="C:\Users\NSHANJI\Desktop\feilpe\To-Do-List\src\util\addDeleteTask.js">
      <metrics statements="15" coveredstatements="13" conditionals="0" coveredconditionals="0" methods="4" coveredmethods="3"/>
      <line num="4" count="1" type="stmt"/>
      <line num="7" count="1" type="stmt"/>
      <line num="8" count="1" type="stmt"/>
      <line num="11" count="1" type="stmt"/>
      <line num="12" count="0" type="stmt"/>
      <line num="13" count="0" type="stmt"/>
      <line num="16" count="1" type="stmt"/>
      <line num="18" count="1" type="stmt"/>
      <line num="19" count="3" type="stmt"/>
      <line num="24" count="3" type="stmt"/>
      <line num="25" count="3" type="stmt"/>
      <line num="26" count="3" type="stmt"/>
      <line num="27" count="3" type="stmt"/>
      <line num="28" count="3" type="stmt"/>
      <line num="29" count="3" type="stmt"/>
    </file>
  </project>
</coverage>
