{"D:\\Users\\FELIPE HAYBAR\\Documents\\GitHub\\To-Do-List-Feliverse\\src\\util\\addDeleteTask.js": {"path":"D:\\Users\\FELIPE HAYBAR\\Documents\\GitHub\\To-Do-List-Feliverse\\src\\util\\addDeleteTask.js","statementMap":{"0":{"start":{"line":4,"column":23},"end":{"line":4,"column":25}},"1":{"start":{"line":7,"column":4},"end":{"line":7,"column":33}},"2":{"start":{"line":8,"column":4},"end":{"line":8,"column":18}},"3":{"start":{"line":11,"column":12},"end":{"line":14,"column":3}},"4":{"start":{"line":12,"column":4},"end":{"line":12,"column":35}},"5":{"start":{"line":13,"column":4},"end":{"line":13,"column":35}},"6":{"start":{"line":16,"column":13},"end":{"line":16,"column":42}},"7":{"start":{"line":16,"column":19},"end":{"line":16,"column":42}},"8":{"start":{"line":18,"column":12},"end":{"line":30,"column":3}},"9":{"start":{"line":19,"column":20},"end":{"line":23,"column":5}},"10":{"start":{"line":24,"column":4},"end":{"line":24,"column":42}},"11":{"start":{"line":25,"column":4},"end":{"line":25,"column":26}},"12":{"start":{"line":26,"column":4},"end":{"line":26,"column":86}},"13":{"start":{"line":27,"column":15},"end":{"line":27,"column":43}},"14":{"start":{"line":28,"column":4},"end":{"line":28,"column":98}},"15":{"start":{"line":29,"column":4},"end":{"line":29,"column":14}},"16":{"start":{"line":32,"column":15},"end":{"line":35,"column":3}},"17":{"start":{"line":33,"column":19},"end":{"line":33,"column":75}},"18":{"start":{"line":33,"column":63},"end":{"line":33,"column":74}},"19":{"start":{"line":34,"column":4},"end":{"line":34,"column":37}}},"fnMap":{"0":{"name":"(anonymous_0)","decl":{"start":{"line":6,"column":2},"end":{"line":6,"column":3}},"loc":{"start":{"line":6,"column":16},"end":{"line":9,"column":3}},"line":6},"1":{"name":"(anonymous_1)","decl":{"start":{"line":11,"column":12},"end":{"line":11,"column":13}},"loc":{"start":{"line":11,"column":22},"end":{"line":14,"column":3}},"line":11},"2":{"name":"(anonymous_2)","decl":{"start":{"line":16,"column":13},"end":{"line":16,"column":14}},"loc":{"start":{"line":16,"column":19},"end":{"line":16,"column":42}},"line":16},"3":{"name":"(anonymous_3)","decl":{"start":{"line":18,"column":12},"end":{"line":18,"column":13}},"loc":{"start":{"line":18,"column":47},"end":{"line":30,"column":3}},"line":18},"4":{"name":"(anonymous_4)","decl":{"start":{"line":32,"column":15},"end":{"line":32,"column":16}},"loc":{"start":{"line":32,"column":26},"end":{"line":35,"column":3}},"line":32},"5":{"name":"(anonymous_5)","decl":{"start":{"line":33,"column":50},"end":{"line":33,"column":51}},"loc":{"start":{"line":33,"column":63},"end":{"line":33,"column":74}},"line":33}},"branchMap":{},"s":{"0":1,"1":1,"2":1,"3":1,"4":0,"5":0,"6":1,"7":2,"8":1,"9":3,"10":3,"11":3,"12":3,"13":3,"14":3,"15":3,"16":1,"17":1,"18":3,"19":1},"f":{"0":1,"1":0,"2":2,"3":3,"4":1,"5":3},"b":{},"_coverageSchema":"1a1c01bbd47fc00a2c39e90264f33305004495a9","hash":"0330310a8afc3a5bc8e6e28d27fd364e4773b547"}
,"D:\\Users\\FELIPE HAYBAR\\Documents\\GitHub\\To-Do-List-Feliverse\\src\\util\\editUpdateClearTask.js": {"path":"D:\\Users\\FELIPE HAYBAR\\Documents\\GitHub\\To-Do-List-Feliverse\\src\\util\\editUpdateClearTask.js","statementMap":{"0":{"start":{"line":4,"column":23},"end":{"line":4,"column":25}},"1":{"start":{"line":7,"column":4},"end":{"line":18,"column":6}},"2":{"start":{"line":19,"column":4},"end":{"line":19,"column":18}},"3":{"start":{"line":22,"column":12},"end":{"line":26,"column":3}},"4":{"start":{"line":23,"column":4},"end":{"line":23,"column":41}},"5":{"start":{"line":24,"column":4},"end":{"line":24,"column":57}},"6":{"start":{"line":25,"column":4},"end":{"line":25,"column":87}},"7":{"start":{"line":28,"column":13},"end":{"line":32,"column":3}},"8":{"start":{"line":29,"column":4},"end":{"line":29,"column":37}},"9":{"start":{"line":30,"column":4},"end":{"line":30,"column":53}},"10":{"start":{"line":31,"column":4},"end":{"line":31,"column":87}},"11":{"start":{"line":34,"column":19},"end":{"line":38,"column":3}},"12":{"start":{"line":35,"column":19},"end":{"line":35,"column":95}},"13":{"start":{"line":35,"column":67},"end":{"line":35,"column":94}},"14":{"start":{"line":36,"column":4},"end":{"line":36,"column":37}},"15":{"start":{"line":37,"column":4},"end":{"line":37,"column":23}},"16":{"start":{"line":40,"column":13},"end":{"line":40,"column":42}},"17":{"start":{"line":40,"column":19},"end":{"line":40,"column":42}},"18":{"start":{"line":42,"column":13},"end":{"line":44,"column":3}},"19":{"start":{"line":43,"column":4},"end":{"line":43,"column":36}}},"fnMap":{"0":{"name":"(anonymous_0)","decl":{"start":{"line":6,"column":2},"end":{"line":6,"column":3}},"loc":{"start":{"line":6,"column":16},"end":{"line":20,"column":3}},"line":6},"1":{"name":"(anonymous_1)","decl":{"start":{"line":22,"column":12},"end":{"line":22,"column":13}},"loc":{"start":{"line":22,"column":32},"end":{"line":26,"column":3}},"line":22},"2":{"name":"(anonymous_2)","decl":{"start":{"line":28,"column":13},"end":{"line":28,"column":14}},"loc":{"start":{"line":28,"column":31},"end":{"line":32,"column":3}},"line":28},"3":{"name":"(anonymous_3)","decl":{"start":{"line":34,"column":19},"end":{"line":34,"column":20}},"loc":{"start":{"line":34,"column":30},"end":{"line":38,"column":3}},"line":34},"4":{"name":"(anonymous_4)","decl":{"start":{"line":35,"column":50},"end":{"line":35,"column":51}},"loc":{"start":{"line":35,"column":67},"end":{"line":35,"column":94}},"line":35},"5":{"name":"(anonymous_5)","decl":{"start":{"line":40,"column":13},"end":{"line":40,"column":14}},"loc":{"start":{"line":40,"column":19},"end":{"line":40,"column":42}},"line":40},"6":{"name":"(anonymous_6)","decl":{"start":{"line":42,"column":13},"end":{"line":42,"column":14}},"loc":{"start":{"line":42,"column":24},"end":{"line":44,"column":3}},"line":42}},"branchMap":{},"s":{"0":1,"1":1,"2":1,"3":1,"4":1,"5":1,"6":1,"7":1,"8":1,"9":1,"10":1,"11":1,"12":1,"13":2,"14":1,"15":1,"16":1,"17":0,"18":1,"19":0},"f":{"0":1,"1":1,"2":1,"3":1,"4":2,"5":0,"6":0},"b":{},"_coverageSchema":"1a1c01bbd47fc00a2c39e90264f33305004495a9","hash":"8e80f854756a75a6fd6f6a0a6916386dd2716a69"}
}
