{"C:\\Users\\NSHANJI\\Desktop\\feilpe\\To-Do-List\\src\\util\\addDeleteTask.js": {"path":"C:\\Users\\NSHANJI\\Desktop\\feilpe\\To-Do-List\\src\\util\\addDeleteTask.js","statementMap":{"0":{"start":{"line":4,"column":23},"end":{"line":4,"column":25}},"1":{"start":{"line":7,"column":4},"end":{"line":7,"column":33}},"2":{"start":{"line":8,"column":4},"end":{"line":8,"column":18}},"3":{"start":{"line":11,"column":12},"end":{"line":14,"column":3}},"4":{"start":{"line":12,"column":4},"end":{"line":12,"column":35}},"5":{"start":{"line":13,"column":4},"end":{"line":13,"column":35}},"6":{"start":{"line":16,"column":13},"end":{"line":16,"column":42}},"7":{"start":{"line":16,"column":19},"end":{"line":16,"column":42}},"8":{"start":{"line":18,"column":12},"end":{"line":30,"column":3}},"9":{"start":{"line":19,"column":20},"end":{"line":23,"column":5}},"10":{"start":{"line":24,"column":4},"end":{"line":24,"column":42}},"11":{"start":{"line":25,"column":4},"end":{"line":25,"column":26}},"12":{"start":{"line":26,"column":4},"end":{"line":26,"column":86}},"13":{"start":{"line":27,"column":15},"end":{"line":27,"column":43}},"14":{"start":{"line":28,"column":4},"end":{"line":28,"column":98}},"15":{"start":{"line":29,"column":4},"end":{"line":29,"column":14}}},"fnMap":{"0":{"name":"(anonymous_0)","decl":{"start":{"line":6,"column":2},"end":{"line":6,"column":3}},"loc":{"start":{"line":6,"column":16},"end":{"line":9,"column":3}},"line":6},"1":{"name":"(anonymous_1)","decl":{"start":{"line":11,"column":12},"end":{"line":11,"column":13}},"loc":{"start":{"line":11,"column":22},"end":{"line":14,"column":3}},"line":11},"2":{"name":"(anonymous_2)","decl":{"start":{"line":16,"column":13},"end":{"line":16,"column":14}},"loc":{"start":{"line":16,"column":19},"end":{"line":16,"column":42}},"line":16},"3":{"name":"(anonymous_3)","decl":{"start":{"line":18,"column":12},"end":{"line":18,"column":13}},"loc":{"start":{"line":18,"column":47},"end":{"line":30,"column":3}},"line":18}},"branchMap":{},"s":{"0":1,"1":1,"2":1,"3":1,"4":0,"5":0,"6":1,"7":1,"8":1,"9":3,"10":3,"11":3,"12":3,"13":3,"14":3,"15":3},"f":{"0":1,"1":0,"2":1,"3":3},"b":{},"_coverageSchema":"1a1c01bbd47fc00a2c39e90264f33305004495a9","hash":"ccc8c3b544856a2ff11bb34e475c1be6c11809aa"}
}
